<?xml version="1.0" encoding="UTF-8"?>
<testng-results ignored="0" total="1" passed="1" failed="0" skipped="0">
  <reporter-output>
  </reporter-output>
  <suite started-at="2023-12-13T17:50:03 IST" name="Default suite" finished-at="2023-12-13T17:50:18 IST" duration-ms="14774">
    <groups>
    </groups>
    <test started-at="2023-12-13T17:50:03 IST" name="Default test" finished-at="2023-12-13T17:50:18 IST" duration-ms="14774">
      <class name="Caw_Studios_Assignment.DynamicTableTest_with_json">
        <test-method is-config="true" signature="setup()[pri:0, instance:Caw_Studios_Assignment.DynamicTableTest_with_json@4b45a2f5]" started-at="2023-12-13T17:50:03 IST" name="setup" finished-at="2023-12-13T17:50:06 IST" duration-ms="2897" status="PASS">
          <reporter-output>
          </reporter-output>
        </test-method> <!-- setup -->
        <test-method signature="Dynamic_Table_Test()[pri:0, instance:Caw_Studios_Assignment.DynamicTableTest_with_json@4b45a2f5]" started-at="2023-12-13T17:50:06 IST" name="Dynamic_Table_Test" finished-at="2023-12-13T17:50:18 IST" duration-ms="11530" status="PASS">
          <reporter-output>
          </reporter-output>
        </test-method> <!-- Dynamic_Table_Test -->
        <test-method is-config="true" signature="tearDown()[pri:0, instance:Caw_Studios_Assignment.DynamicTableTest_with_json@4b45a2f5]" started-at="2023-12-13T17:50:18 IST" name="tearDown" finished-at="2023-12-13T17:50:18 IST" duration-ms="289" status="PASS">
          <reporter-output>
          </reporter-output>
        </test-method> <!-- tearDown -->
      </class> <!-- Caw_Studios_Assignment.DynamicTableTest_with_json -->
    </test> <!-- Default test -->
  </suite> <!-- Default suite -->
</testng-results>
